[2026-04-20 17:15:45,233] INFO: ============================================================
[2026-04-20 17:15:45,234] INFO: GeoAI – 數據抓取與模型訓練排程器
[2026-04-20 17:15:45,238] INFO: ============================================================
[2026-04-20 17:15:45,240] INFO: 執行間隔: 300 秒 (5.0 分鐘)
[2026-04-20 17:15:45,241] INFO: 排程器已啟動，間隔時間: 300 秒 (5.0 分鐘)
[2026-04-20 17:15:45,242] INFO: 排程器已啟動，間隔時間: 300 秒 (5.0 分鐘)
[2026-04-20 17:15:45,242] INFO: 
--- 第 1 次執行 (時間: 2026-04-20 17:15:45) ---
[2026-04-20 17:15:45,247] INFO: ============================================================
[2026-04-20 17:15:45,248] INFO: 開始抓取台北交通數據...
[2026-04-20 17:15:45,243] INFO: 
--- 第 1 次執行 (時間: 2026-04-20 17:15:45) ---
[2026-04-20 17:15:45,249] INFO: ============================================================
[2026-04-20 17:15:45,249] INFO: 開始抓取台北交通數據...
[2026-04-20 17:15:47,450] INFO: 開始 STGCN 模型訓練...
[2026-04-20 17:15:47,453] INFO: 開始 STGCN 模型訓練...
[2026-04-20 17:15:47,512] INFO: 等待 300 秒後執行下一次循環...
[2026-04-20 17:15:47,513] INFO: 等待 300 秒後執行下一次循環...
[2026-04-20 17:20:47,513] INFO: 
--- 第 2 次執行 (時間: 2026-04-20 17:20:47) ---
[2026-04-20 17:20:47,514] INFO: 
--- 第 2 次執行 (時間: 2026-04-20 17:20:47) ---
[2026-04-20 17:20:47,519] INFO: ============================================================
[2026-04-20 17:20:47,519] INFO: ============================================================
[2026-04-20 17:20:47,520] INFO: 開始抓取台北交通數據...
[2026-04-20 17:20:47,520] INFO: 開始抓取台北交通數據...
[2026-04-20 17:20:49,706] INFO: 開始 STGCN 模型訓練...
[2026-04-20 17:20:49,716] INFO: 開始 STGCN 模型訓練...
[2026-04-20 17:21:21,083] INFO: 等待 300 秒後執行下一次循環...
[2026-04-20 17:21:21,083] INFO: 等待 300 秒後執行下一次循環...
[2026-04-20 17:26:21,085] INFO: 
--- 第 3 次執行 (時間: 2026-04-20 17:26:21) ---
[2026-04-20 17:26:21,085] INFO: 
--- 第 3 次執行 (時間: 2026-04-20 17:26:21) ---
[2026-04-20 17:26:21,087] INFO: ============================================================
[2026-04-20 17:26:21,088] INFO: ============================================================
[2026-04-20 17:26:21,090] INFO: 開始抓取台北交通數據...
[2026-04-20 17:26:21,091] INFO: 開始抓取台北交通數據...
[2026-04-20 17:26:23,524] INFO: 開始 STGCN 模型訓練...
[2026-04-20 17:26:23,757] INFO: 開始 STGCN 模型訓練...
[2026-04-20 17:26:49,760] INFO: 等待 300 秒後執行下一次循環...
[2026-04-20 17:26:51,460] INFO: 等待 300 秒後執行下一次循環...
[2026-04-20 17:31:51,461] INFO: 
--- 第 4 次執行 (時間: 2026-04-20 17:31:51) ---
[2026-04-20 17:31:51,463] INFO: ============================================================
[2026-04-20 17:31:51,465] INFO: 開始抓取台北交通數據...
[2026-04-20 17:31:53,795] INFO: 開始 STGCN 模型訓練...
[2026-04-20 17:32:12,254] INFO: 等待 300 秒後執行下一次循環...
[2026-04-20 17:37:12,256] INFO: 
--- 第 5 次執行 (時間: 2026-04-20 17:37:12) ---
[2026-04-20 17:37:12,260] INFO: ============================================================
[2026-04-20 17:37:12,262] INFO: 開始抓取台北交通數據...
[2026-04-20 17:37:15,453] INFO: 開始 STGCN 模型訓練...
[2026-04-20 17:37:34,858] INFO: 等待 300 秒後執行下一次循環...
[2026-04-20 17:42:34,860] INFO: 
--- 第 6 次執行 (時間: 2026-04-20 17:42:34) ---
[2026-04-20 17:42:34,861] INFO: ============================================================
[2026-04-20 17:42:34,863] INFO: 開始抓取台北交通數據...
[2026-04-20 17:42:37,287] INFO: 開始 STGCN 模型訓練...
[2026-04-20 17:42:53,793] INFO: 等待 300 秒後執行下一次循環...
[2026-04-20 17:47:53,796] INFO: 
--- 第 7 次執行 (時間: 2026-04-20 17:47:53) ---
[2026-04-20 17:47:53,805] INFO: ============================================================
[2026-04-20 17:47:53,812] INFO: 開始抓取台北交通數據...
[2026-04-20 17:47:55,898] INFO: 開始 STGCN 模型訓練...
[2026-04-20 17:48:15,234] INFO: 等待 300 秒後執行下一次循環...
[2026-04-20 17:53:15,236] INFO: 
--- 第 8 次執行 (時間: 2026-04-20 17:53:15) ---
[2026-04-20 17:53:15,236] INFO: ============================================================
[2026-04-20 17:53:15,237] INFO: 開始抓取台北交通數據...
[2026-04-20 17:53:17,223] INFO: 開始 STGCN 模型訓練...
[2026-04-20 17:53:36,018] INFO: 等待 300 秒後執行下一次循環...
[2026-04-20 17:58:36,040] INFO: 
--- 第 9 次執行 (時間: 2026-04-20 17:58:36) ---
[2026-04-20 17:58:36,189] INFO: ============================================================
[2026-04-20 17:58:36,279] INFO: 開始抓取台北交通數據...
[2026-04-20 17:58:45,354] INFO: 開始 STGCN 模型訓練...
[2026-04-20 17:59:03,332] INFO: 等待 300 秒後執行下一次循環...
