[2026-04-20 17:17:35,258] INFO: ============================================================
[2026-04-20 17:17:35,258] INFO: GeoAI – 數據抓取與模型訓練排程器
[2026-04-20 17:17:35,259] INFO: ============================================================
[2026-04-20 17:17:35,259] INFO: 執行間隔: 300 秒 (5.0 分鐘)
[2026-04-20 17:17:35,259] INFO: 排程器已啟動，間隔時間: 300 秒 (5.0 分鐘)
[2026-04-20 17:17:35,259] INFO: ✓ 排程器線程已啟動
[2026-04-20 17:17:35,260] INFO: 
--- 第 1 次執行 (時間: 2026-04-20 17:17:35) ---
[2026-04-20 17:17:35,262] INFO: ============================================================
[2026-04-20 17:17:35,262] INFO: 開始抓取台北交通數據...
[2026-04-20 17:17:36,140] INFO: ✓ 數據抓取完成
[2026-04-20 17:17:36,140] INFO: 開始 STGCN 模型訓練...
[2026-04-20 17:18:02,392] INFO: ✓ 模型訓練完成
[2026-04-20 17:18:02,392] INFO: 等待 300 秒後執行下一次循環...
[2026-04-20 17:23:02,395] INFO: 
--- 第 2 次執行 (時間: 2026-04-20 17:23:02) ---
[2026-04-20 17:23:02,396] INFO: ============================================================
[2026-04-20 17:23:02,398] INFO: 開始抓取台北交通數據...
[2026-04-20 17:23:03,154] INFO: ✓ 數據抓取完成
[2026-04-20 17:23:03,154] INFO: 開始 STGCN 模型訓練...
[2026-04-20 17:23:08,351] INFO: ✓ 模型訓練完成
[2026-04-20 17:23:08,352] INFO: 等待 300 秒後執行下一次循環...
[2026-04-20 17:23:12,316] INFO: 
收到中止信號...
[2026-04-20 17:23:12,317] INFO: 正在停止排程器...
